       200        0.4274420911
       400        0.2978215648
       600        0.1589460864
       200        0.4149621289
       400        0.2890392175
       600        0.1655664754
       800        0.0801633046
      1000        0.0186681806
      1200        0.0001524423
      1203        0.0000849759
       200        0.4417779814
       400        0.2950961516
       200        0.4423357148
       400        0.2802399126
       600        0.1635677135
       800        0.0739054730
      1000        0.0087932798
      1116        0.0000958384
       200        0.4428633667
       400        0.2686238262
       200        0.4574615108
       400        0.2562591063
       600        0.1361031598
       800        0.0548155225
      1000        0.0152062929
      1200        0.0003042347
      1220        0.0000965852
       200        0.4221439815
       400        0.2963893029
       600        0.1724334086
       800        0.0961661910
      1000        0.0253985010
      1200        0.0023536069
      1256        0.0000947879
       200        0.4456755996
       400        0.2618201348
       600        0.1524627130
       800        0.0609249744
       200        0.4764822054
       400        0.2844834731
       600        0.1498456199
       800        0.0882825812
       200        0.4153926323
       400        0.2651531140
       600        0.1262809899
       800        0.0329587523
      1000        0.0024241685
      1058        0.0000807854
