     10000        0.4740926584
     20000        0.6226868463
     30000        0.5694788940
     40000        0.5639584557
     43127        0.0098952662
     10000        0.6727440394
     20000        0.5590590656
     30000        0.6421780362
     40000        0.5703613769
     50000        0.4955976564
     60000        0.5959438679
     70000        0.6350238118
     80000        0.5495000501
     90000        0.5525807886
    100000        0.5934027374
     10000        0.5888329657
     20000        0.6574696346
     30000        0.7509283858
     37254        0.0097557403
     10000        0.6308014913
     20000        0.6494818186
     30000        0.4593268068
     40000        0.7090002830
     50000        0.5652224158
     60000        0.6314832288
     70000        0.5640723129
     80000        0.5610459326
     90000        0.6246967873
    100000        0.7173256269
     10000        0.6328166429
     20000        0.6187650305
     30000        0.5822333957
     35662        0.0098870400
