         1        0.3198247723
         2        0.2981820374
         3        0.6735220645
         4        0.3486359408
         5        0.2996245654
         6        0.2904864776
         7        0.2769745279
         8        0.2454992627
         9        0.2048761354
        10        0.1670665862
        11        0.1363234902
        12        0.1156180964
        13        0.0977622321
        14        0.0813925930
        15        0.0695557111
        16        0.0612347428
        17        0.0541135887
        18        0.0477296371
        19        0.0417554079
        20        0.0364146718
        21        0.0316310195
        22        0.0273567144
        23        0.0234444123
        24        0.0200788145
        25        0.0172612974
        26        0.0148466421
        27        0.0128366317
        28        0.0109509823
        29        0.0094636106
         1        0.3270049734
         2        0.2994760532
         3        0.2847872015
         4        0.2892337894
         5        0.3070131921
         6        0.2563045622
         7        0.2017800181
         8        0.1585470462
         9        0.1246295101
        10        0.1026398726
        11        0.0878787358
        12        0.0751147008
        13        0.0665244143
        14        0.0595262677
        15        0.0538033160
        16        0.0491099723
        17        0.0442477773
        18        0.0390807821
        19        0.0339085354
        20        0.0290626250
        21        0.0248405313
        22        0.0212171401
        23        0.0181695773
        24        0.0155980217
        25        0.0134361336
        26        0.0116293162
        27        0.0101244497
        28        0.0088659218
